<?xml version="1.0" encoding="UTF-8"?>
<testsuite name="RectangleFactoryImplTest" tests="3" skipped="0" failures="0" errors="0" timestamp="2026-03-13T13:13:37" hostname="CitrusRo3e" time="0.002">
  <properties/>
  <testcase name="getRectangle1" classname="RectangleFactoryImplTest" time="0.001"/>
  <testcase name="getRectangle2" classname="RectangleFactoryImplTest" time="0.001"/>
  <testcase name="getRectangle" classname="RectangleFactoryImplTest" time="0.0"/>
  <system-out><![CDATA[]]></system-out>
  <system-err><![CDATA[]]></system-err>
</testsuite>
